<?xml version="1.0" encoding="UTF-8"?>
<testng-results skipped="0" failed="0" ignored="0" total="1" passed="1">
  <reporter-output>
  </reporter-output>
  <suite name="Default suite" duration-ms="4500" started-at="2021-08-22T03:16:09 IST" finished-at="2021-08-22T03:16:14 IST">
    <groups>
    </groups>
    <test name="Default test" duration-ms="4500" started-at="2021-08-22T03:16:09 IST" finished-at="2021-08-22T03:16:14 IST">
      <class name="qarizwanacademy.ExtentReports.FirstExtentReportTest">
        <test-method status="PASS" signature="config()[pri:0, instance:qarizwanacademy.ExtentReports.FirstExtentReportTest@6f195bc3]" name="config" is-config="true" duration-ms="181" started-at="2021-08-22T03:16:09 IST" finished-at="2021-08-22T03:16:09 IST">
          <reporter-output>
          </reporter-output>
        </test-method> <!-- config -->
        <test-method status="PASS" signature="initialDemo()[pri:0, instance:qarizwanacademy.ExtentReports.FirstExtentReportTest@6f195bc3]" name="initialDemo" duration-ms="4282" started-at="2021-08-22T03:16:09 IST" finished-at="2021-08-22T03:16:13 IST">
          <reporter-output>
          </reporter-output>
        </test-method> <!-- initialDemo -->
      </class> <!-- qarizwanacademy.ExtentReports.FirstExtentReportTest -->
    </test> <!-- Default test -->
  </suite> <!-- Default suite -->
</testng-results>
